The system is: Windows - 10.0.18362 - AMD64
Compiling the C compiler identification source file "CMakeCCompilerId.c" succeeded.
Compiler: C:/Program Files (x86)/Microsoft Visual Studio/2017/Community/VC/Tools/MSVC/14.10.25017/bin/HostX86/x86/cl.exe 
Build flags: 
Id flags:  

The output was:
0
Microsoft (R) C/C++ Optimizing Compiler Version 19.10.25017 for x86
Copyright (C) Microsoft Corporation.  All rights reserved.

CMakeCCompilerId.c
Microsoft (R) Incremental Linker Version 14.10.25017.0
Copyright (C) Microsoft Corporation.  All rights reserved.

/out:CMakeCCompilerId.exe 
CMakeCCompilerId.obj 


Compilation of the C compiler identification source "CMakeCCompilerId.c" produced "CMakeCCompilerId.exe"

Compilation of the C compiler identification source "CMakeCCompilerId.c" produced "CMakeCCompilerId.obj"

The C compiler identification is MSVC, found in "C:/Users/tms1/CLionProjects/MMN13/cmake-build-debug/CMakeFiles/3.15.3/CompilerIdC/CMakeCCompilerId.exe"

Determining if the C compiler works passed with the following output:
Change Dir: C:/Users/tms1/CLionProjects/MMN13/cmake-build-debug/CMakeFiles/CMakeTmp

Run Build Command(s):nmake /nologo cmTC_80b36\fast && 	"C:\Program Files (x86)\Microsoft Visual Studio\2017\Community\VC\Tools\MSVC\14.10.25017\bin\HostX86\x86\nmake.exe" -f CMakeFiles\cmTC_80b36.dir\build.make /nologo -L                  CMakeFiles\cmTC_80b36.dir\build
Building C object CMakeFiles/cmTC_80b36.dir/testCCompiler.c.obj
	C:\PROGRA~2\MICROS~3\2017\COMMUN~1\VC\Tools\MSVC\1410~1.250\bin\HostX86\x86\cl.exe @C:\Users\tms1\AppData\Local\Temp\nm50DB.tmp
testCCompiler.c
Linking C executable cmTC_80b36.exe
	"C:\Program Files\JetBrains\CLion 2019.3.1\bin\cmake\win\bin\cmake.exe" -E vs_link_exe --intdir=CMakeFiles\cmTC_80b36.dir --rc=C:\PROGRA~2\WI3CF2~1\10\bin\x86\rc.exe --mt=C:\PROGRA~2\WI3CF2~1\10\bin\x86\mt.exe --manifests  -- C:\PROGRA~2\MICROS~3\2017\COMMUN~1\VC\Tools\MSVC\1410~1.250\bin\HostX86\x86\link.exe /nologo @CMakeFiles\cmTC_80b36.dir\objects1.rsp @C:\Users\tms1\AppData\Local\Temp\nm5233.tmp



Detecting C compiler ABI info compiled with the following output:
Change Dir: C:/Users/tms1/CLionProjects/MMN13/cmake-build-debug/CMakeFiles/CMakeTmp

Run Build Command(s):nmake /nologo cmTC_fa630\fast && 	"C:\Program Files (x86)\Microsoft Visual Studio\2017\Community\VC\Tools\MSVC\14.10.25017\bin\HostX86\x86\nmake.exe" -f CMakeFiles\cmTC_fa630.dir\build.make /nologo -L                  CMakeFiles\cmTC_fa630.dir\build
Building C object CMakeFiles/cmTC_fa630.dir/CMakeCCompilerABI.c.obj
	C:\PROGRA~2\MICROS~3\2017\COMMUN~1\VC\Tools\MSVC\1410~1.250\bin\HostX86\x86\cl.exe @C:\Users\tms1\AppData\Local\Temp\nm54A3.tmp
CMakeCCompilerABI.c
Linking C executable cmTC_fa630.exe
	"C:\Program Files\JetBrains\CLion 2019.3.1\bin\cmake\win\bin\cmake.exe" -E vs_link_exe --intdir=CMakeFiles\cmTC_fa630.dir --rc=C:\PROGRA~2\WI3CF2~1\10\bin\x86\rc.exe --mt=C:\PROGRA~2\WI3CF2~1\10\bin\x86\mt.exe --manifests  -- C:\PROGRA~2\MICROS~3\2017\COMMUN~1\VC\Tools\MSVC\1410~1.250\bin\HostX86\x86\link.exe /nologo @CMakeFiles\cmTC_fa630.dir\objects1.rsp @C:\Users\tms1\AppData\Local\Temp\nm5502.tmp



